[2020-08-30 11:55:42.263] [main] [info] update#setState idle
[2020-08-30 11:56:12.272] [main] [info] update#setState checking for updates
[2020-08-30 11:56:12.274] [main] [info] update#setState idle
[2020-08-30 11:59:42.988] [main] [error] [storage state.vscdb] prepare(): Error: SQLITE_READONLY_DBMOVED: attempt to write a readonly database (INSERT INTO ItemTable VALUES (?,?),(?,?)). Details: Keys: workbench.grid.width, workbench.grid.height Length: 7
[2020-08-30 12:56:12.274] [main] [info] update#setState checking for updates
[2020-08-30 12:56:12.277] [main] [info] update#setState idle
[2020-08-30 13:56:12.291] [main] [info] update#setState checking for updates
[2020-08-30 13:56:12.294] [main] [info] update#setState idle
[2020-08-30 14:22:24.981] [main] [error] [storage state.vscdb] prepare(): Error: SQLITE_READONLY_DBMOVED: attempt to write a readonly database (INSERT INTO ItemTable VALUES (?,?)). Details: Keys: extensionsAssistant/recommendations Length: 324
[2020-08-30 14:56:12.304] [main] [info] update#setState checking for updates
[2020-08-30 14:56:12.307] [main] [info] update#setState idle
[2020-08-30 15:26:44.853] [main] [error] [storage state.vscdb] prepare(): Error: SQLITE_READONLY_DBMOVED: attempt to write a readonly database (INSERT INTO ItemTable VALUES (?,?)). Details: Keys: workbench.panel.size Length: 3
[2020-08-30 15:29:44.885] [main] [error] [storage state.vscdb] prepare(): Error: SQLITE_READONLY_DBMOVED: attempt to write a readonly database (INSERT INTO ItemTable VALUES (?,?)). Details: Keys: workbench.panel.size Length: 2
[2020-08-30 15:30:44.897] [main] [error] [storage state.vscdb] prepare(): Error: SQLITE_READONLY_DBMOVED: attempt to write a readonly database (INSERT INTO ItemTable VALUES (?,?)). Details: Keys: workbench.panel.size Length: 3
[2020-08-30 15:51:19.769] [main] [error] [storage state.vscdb] prepare(): Error: SQLITE_READONLY_DBMOVED: attempt to write a readonly database (INSERT INTO ItemTable VALUES (?,?)). Details: Keys: workbench.panel.size Length: 2
[2020-08-30 15:56:12.330] [main] [info] update#setState checking for updates
[2020-08-30 15:56:12.335] [main] [info] update#setState idle
[2020-08-30 16:39:45.302] [main] [error] [storage state.vscdb] prepare(): Error: SQLITE_READONLY_DBMOVED: attempt to write a readonly database (INSERT INTO ItemTable VALUES (?,?),(?,?)). Details: Keys: workbench.grid.width, workbench.grid.height Length: 7
[2020-08-30 16:40:45.307] [main] [error] [storage state.vscdb] prepare(): Error: SQLITE_READONLY_DBMOVED: attempt to write a readonly database (INSERT INTO ItemTable VALUES (?,?),(?,?)). Details: Keys: workbench.grid.width, workbench.grid.height Length: 7
[2020-08-30 16:45:04.383] [main] [error] [storage state.vscdb] prepare(): Error: SQLITE_READONLY_DBMOVED: attempt to write a readonly database (INSERT INTO ItemTable VALUES (?,?)). Details: Keys: extensionsAssistant/recommendations Length: 324
[2020-08-30 16:56:12.360] [main] [info] update#setState checking for updates
[2020-08-30 16:56:12.363] [main] [info] update#setState idle
[2020-08-30 17:56:12.371] [main] [info] update#setState checking for updates
[2020-08-30 17:56:12.375] [main] [info] update#setState idle
[2020-08-30 18:15:56.778] [main] [error] [storage state.vscdb] prepare(): Error: SQLITE_READONLY_DBMOVED: attempt to write a readonly database (INSERT INTO ItemTable VALUES (?,?)). Details: Keys: editorFontInfo Length: 1851
