[2020-09-15 08:29:10.201] [exthost] [info] extension host started
[2020-09-15 08:29:10.216] [exthost] [info] ExtensionService#_doActivateExtension vscode.microsoft-authentication {"startup":false,"extensionId":{"value":"vscode.microsoft-authentication","_lower":"vscode.microsoft-authentication"},"activationEvent":"onAuthenticationRequest:microsoft"}
[2020-09-15 08:29:10.216] [exthost] [info] ExtensionService#loadCommonJSModule file:///snap/code/43/usr/share/code/resources/app/extensions/microsoft-authentication/dist/extension.js
[2020-09-15 08:29:10.234] [exthost] [info] ExtensionService#_doActivateExtension vscode.debug-auto-launch {"startup":true,"extensionId":{"value":"vscode.debug-auto-launch","_lower":"vscode.debug-auto-launch"},"activationEvent":"*"}
[2020-09-15 08:29:10.234] [exthost] [info] ExtensionService#loadCommonJSModule file:///snap/code/43/usr/share/code/resources/app/extensions/debug-auto-launch/dist/extension
[2020-09-15 08:29:10.239] [exthost] [info] ExtensionService#_doActivateExtension vscode.emmet {"startup":true,"extensionId":{"value":"vscode.emmet","_lower":"vscode.emmet"},"activationEvent":"*"}
[2020-09-15 08:29:10.239] [exthost] [info] ExtensionService#loadCommonJSModule file:///snap/code/43/usr/share/code/resources/app/extensions/emmet/dist/node/emmetNodeMain
[2020-09-15 08:29:10.263] [exthost] [info] ExtensionService#_doActivateExtension vscode.git {"startup":true,"extensionId":{"value":"vscode.github","_lower":"vscode.github"},"activationEvent":"*"}
[2020-09-15 08:29:10.263] [exthost] [info] ExtensionService#loadCommonJSModule file:///snap/code/43/usr/share/code/resources/app/extensions/git/dist/main
[2020-09-15 08:29:10.319] [exthost] [info] ExtensionService#_doActivateExtension vscode.merge-conflict {"startup":true,"extensionId":{"value":"vscode.merge-conflict","_lower":"vscode.merge-conflict"},"activationEvent":"*"}
[2020-09-15 08:29:10.319] [exthost] [info] ExtensionService#loadCommonJSModule file:///snap/code/43/usr/share/code/resources/app/extensions/merge-conflict/dist/mergeConflictMain
[2020-09-15 08:29:10.331] [exthost] [info] ExtensionService#_doActivateExtension vscode.search-result {"startup":true,"extensionId":{"value":"vscode.search-result","_lower":"vscode.search-result"},"activationEvent":"*"}
[2020-09-15 08:29:10.332] [exthost] [info] ExtensionService#loadCommonJSModule file:///snap/code/43/usr/share/code/resources/app/extensions/search-result/dist/extension.js
[2020-09-15 08:29:10.335] [exthost] [info] ExtensionService#_doActivateExtension CoenraadS.bracket-pair-colorizer {"startup":true,"extensionId":{"value":"CoenraadS.bracket-pair-colorizer","_lower":"coenraads.bracket-pair-colorizer"},"activationEvent":"*"}
[2020-09-15 08:29:10.335] [exthost] [info] ExtensionService#loadCommonJSModule file:///root/.vscode/extensions/coenraads.bracket-pair-colorizer-1.0.61/out/src/extension
[2020-09-15 08:29:10.351] [exthost] [info] ExtensionService#_doActivateExtension formulahendry.auto-close-tag {"startup":true,"extensionId":{"value":"formulahendry.auto-close-tag","_lower":"formulahendry.auto-close-tag"},"activationEvent":"*"}
[2020-09-15 08:29:10.351] [exthost] [info] ExtensionService#loadCommonJSModule file:///root/.vscode/extensions/formulahendry.auto-close-tag-0.5.8/out/src/extension
[2020-09-15 08:29:10.352] [exthost] [info] ExtensionService#_doActivateExtension formulahendry.auto-rename-tag {"startup":true,"extensionId":{"value":"formulahendry.auto-rename-tag","_lower":"formulahendry.auto-rename-tag"},"activationEvent":"*"}
[2020-09-15 08:29:10.352] [exthost] [info] ExtensionService#loadCommonJSModule file:///root/.vscode/extensions/formulahendry.auto-rename-tag-0.1.4/packages/extension/dist/extensionMain.js
[2020-09-15 08:29:10.490] [exthost] [info] ExtensionService#_doActivateExtension vscode.github {"startup":true,"extensionId":{"value":"vscode.github","_lower":"vscode.github"},"activationEvent":"*"}
[2020-09-15 08:29:10.490] [exthost] [info] ExtensionService#loadCommonJSModule file:///snap/code/43/usr/share/code/resources/app/extensions/github/dist/extension.js
[2020-09-15 08:29:10.499] [exthost] [info] ExtensionService#_doActivateExtension esbenp.prettier-vscode {"startup":false,"extensionId":{"value":"esbenp.prettier-vscode","_lower":"esbenp.prettier-vscode"},"activationEvent":"onStartupFinished"}
[2020-09-15 08:29:10.499] [exthost] [info] ExtensionService#loadCommonJSModule file:///root/.vscode/extensions/esbenp.prettier-vscode-5.6.0/dist/extension
[2020-09-15 08:29:10.593] [exthost] [info] eager extensions activated
[2020-09-15 08:29:12.258] [exthost] [info] ExtensionService#_doActivateExtension vscode.configuration-editing {"startup":false,"extensionId":{"value":"vscode.configuration-editing","_lower":"vscode.configuration-editing"},"activationEvent":"onLanguage:json"}
[2020-09-15 08:29:12.258] [exthost] [info] ExtensionService#loadCommonJSModule file:///snap/code/43/usr/share/code/resources/app/extensions/configuration-editing/dist/configurationEditingMain
[2020-09-15 08:29:12.265] [exthost] [info] ExtensionService#_doActivateExtension vscode.extension-editing {"startup":false,"extensionId":{"value":"vscode.extension-editing","_lower":"vscode.extension-editing"},"activationEvent":"onLanguage:json"}
[2020-09-15 08:29:12.265] [exthost] [info] ExtensionService#loadCommonJSModule file:///snap/code/43/usr/share/code/resources/app/extensions/extension-editing/dist/extensionEditingMain
[2020-09-15 08:29:12.282] [exthost] [info] ExtensionService#_doActivateExtension vscode.json-language-features {"startup":false,"extensionId":{"value":"vscode.json-language-features","_lower":"vscode.json-language-features"},"activationEvent":"onLanguage:json"}
[2020-09-15 08:29:12.282] [exthost] [info] ExtensionService#loadCommonJSModule file:///snap/code/43/usr/share/code/resources/app/extensions/json-language-features/client/dist/node/jsonClientMain
[2020-09-15 08:29:12.310] [exthost] [info] ExtensionService#_doActivateExtension ms-vscode.js-debug {"startup":false,"extensionId":{"value":"ms-vscode.js-debug","_lower":"ms-vscode.js-debug"},"activationEvent":"onLanguage:json"}
[2020-09-15 08:29:12.311] [exthost] [info] ExtensionService#loadCommonJSModule file:///snap/code/43/usr/share/code/resources/app/extensions/ms-vscode.js-debug/src/extension.js
[2020-09-15 08:29:12.595] [exthost] [info] ExtensionService#_doActivateExtension vscode.npm {"startup":false,"extensionId":{"value":"vscode.npm","_lower":"vscode.npm"},"activationEvent":"onLanguage:json"}
[2020-09-15 08:29:12.595] [exthost] [info] ExtensionService#loadCommonJSModule file:///snap/code/43/usr/share/code/resources/app/extensions/npm/dist/npmMain
[2020-09-15 08:29:12.610] [exthost] [info] ExtensionService#_doActivateExtension vscode.typescript-language-features {"startup":false,"extensionId":{"value":"vscode.typescript-language-features","_lower":"vscode.typescript-language-features"},"activationEvent":"onLanguage:typescript"}
[2020-09-15 08:29:12.611] [exthost] [info] ExtensionService#loadCommonJSModule file:///snap/code/43/usr/share/code/resources/app/extensions/typescript-language-features/dist/extension
[2020-09-15 08:29:12.650] [exthost] [info] ExtensionService#_doActivateExtension Angular.ng-template {"startup":false,"extensionId":{"value":"Angular.ng-template","_lower":"angular.ng-template"},"activationEvent":"onLanguage:typescript"}
[2020-09-15 08:29:12.650] [exthost] [info] ExtensionService#loadCommonJSModule file:///root/.vscode/extensions/angular.ng-template-0.1001.0/client
[2020-09-15 08:29:12.696] [exthost] [info] ExtensionService#_doActivateExtension rbbit.typescript-hero {"startup":false,"extensionId":{"value":"rbbit.typescript-hero","_lower":"rbbit.typescript-hero"},"activationEvent":"onLanguage:typescript"}
[2020-09-15 08:29:12.696] [exthost] [info] ExtensionService#loadCommonJSModule file:///root/.vscode/extensions/rbbit.typescript-hero-3.0.0/out/src/extension
[2020-09-15 08:29:27.279] [exthost] [info] extension host started
[2020-09-15 08:29:27.292] [exthost] [info] ExtensionService#_doActivateExtension vscode.microsoft-authentication {"startup":false,"extensionId":{"value":"vscode.microsoft-authentication","_lower":"vscode.microsoft-authentication"},"activationEvent":"onAuthenticationRequest:microsoft"}
[2020-09-15 08:29:27.292] [exthost] [info] ExtensionService#loadCommonJSModule file:///snap/code/43/usr/share/code/resources/app/extensions/microsoft-authentication/dist/extension.js
[2020-09-15 08:29:27.300] [exthost] [info] ExtensionService#_doActivateExtension vscode.debug-auto-launch {"startup":true,"extensionId":{"value":"vscode.debug-auto-launch","_lower":"vscode.debug-auto-launch"},"activationEvent":"*"}
[2020-09-15 08:29:27.300] [exthost] [info] ExtensionService#loadCommonJSModule file:///snap/code/43/usr/share/code/resources/app/extensions/debug-auto-launch/dist/extension
[2020-09-15 08:29:27.302] [exthost] [info] ExtensionService#_doActivateExtension vscode.emmet {"startup":true,"extensionId":{"value":"vscode.emmet","_lower":"vscode.emmet"},"activationEvent":"*"}
[2020-09-15 08:29:27.303] [exthost] [info] ExtensionService#loadCommonJSModule file:///snap/code/43/usr/share/code/resources/app/extensions/emmet/dist/node/emmetNodeMain
[2020-09-15 08:29:27.313] [exthost] [info] ExtensionService#_doActivateExtension vscode.git {"startup":true,"extensionId":{"value":"vscode.github","_lower":"vscode.github"},"activationEvent":"*"}
[2020-09-15 08:29:27.313] [exthost] [info] ExtensionService#loadCommonJSModule file:///snap/code/43/usr/share/code/resources/app/extensions/git/dist/main
[2020-09-15 08:29:27.323] [exthost] [info] ExtensionService#_doActivateExtension vscode.merge-conflict {"startup":true,"extensionId":{"value":"vscode.merge-conflict","_lower":"vscode.merge-conflict"},"activationEvent":"*"}
[2020-09-15 08:29:27.323] [exthost] [info] ExtensionService#loadCommonJSModule file:///snap/code/43/usr/share/code/resources/app/extensions/merge-conflict/dist/mergeConflictMain
[2020-09-15 08:29:27.324] [exthost] [info] ExtensionService#_doActivateExtension vscode.search-result {"startup":true,"extensionId":{"value":"vscode.search-result","_lower":"vscode.search-result"},"activationEvent":"*"}
[2020-09-15 08:29:27.324] [exthost] [info] ExtensionService#loadCommonJSModule file:///snap/code/43/usr/share/code/resources/app/extensions/search-result/dist/extension.js
[2020-09-15 08:29:27.325] [exthost] [info] ExtensionService#_doActivateExtension CoenraadS.bracket-pair-colorizer {"startup":true,"extensionId":{"value":"CoenraadS.bracket-pair-colorizer","_lower":"coenraads.bracket-pair-colorizer"},"activationEvent":"*"}
[2020-09-15 08:29:27.325] [exthost] [info] ExtensionService#loadCommonJSModule file:///root/.vscode/extensions/coenraads.bracket-pair-colorizer-1.0.61/out/src/extension
[2020-09-15 08:29:27.332] [exthost] [info] ExtensionService#_doActivateExtension formulahendry.auto-close-tag {"startup":true,"extensionId":{"value":"formulahendry.auto-close-tag","_lower":"formulahendry.auto-close-tag"},"activationEvent":"*"}
[2020-09-15 08:29:27.332] [exthost] [info] ExtensionService#loadCommonJSModule file:///root/.vscode/extensions/formulahendry.auto-close-tag-0.5.8/out/src/extension
[2020-09-15 08:29:27.333] [exthost] [info] ExtensionService#_doActivateExtension formulahendry.auto-rename-tag {"startup":true,"extensionId":{"value":"formulahendry.auto-rename-tag","_lower":"formulahendry.auto-rename-tag"},"activationEvent":"*"}
[2020-09-15 08:29:27.333] [exthost] [info] ExtensionService#loadCommonJSModule file:///root/.vscode/extensions/formulahendry.auto-rename-tag-0.1.4/packages/extension/dist/extensionMain.js
[2020-09-15 08:29:27.466] [exthost] [info] ExtensionService#_doActivateExtension vscode.github {"startup":true,"extensionId":{"value":"vscode.github","_lower":"vscode.github"},"activationEvent":"*"}
[2020-09-15 08:29:27.466] [exthost] [info] ExtensionService#loadCommonJSModule file:///snap/code/43/usr/share/code/resources/app/extensions/github/dist/extension.js
[2020-09-15 08:29:27.470] [exthost] [info] ExtensionService#_doActivateExtension esbenp.prettier-vscode {"startup":false,"extensionId":{"value":"esbenp.prettier-vscode","_lower":"esbenp.prettier-vscode"},"activationEvent":"onStartupFinished"}
[2020-09-15 08:29:27.470] [exthost] [info] ExtensionService#loadCommonJSModule file:///root/.vscode/extensions/esbenp.prettier-vscode-5.6.0/dist/extension
[2020-09-15 08:29:27.517] [exthost] [info] eager extensions activated
[2020-09-15 08:30:00.262] [exthost] [info] ExtensionService#_doActivateExtension vscode.php-language-features {"startup":false,"extensionId":{"value":"vscode.php-language-features","_lower":"vscode.php-language-features"},"activationEvent":"onLanguage:php"}
[2020-09-15 08:30:00.262] [exthost] [info] ExtensionService#loadCommonJSModule file:///snap/code/43/usr/share/code/resources/app/extensions/php-language-features/dist/phpMain
