[2020-09-17 23:27:37.012] [exthost] [info] extension host started
[2020-09-17 23:27:37.027] [exthost] [info] ExtensionService#_doActivateExtension vscode.microsoft-authentication {"startup":false,"extensionId":{"value":"vscode.microsoft-authentication","_lower":"vscode.microsoft-authentication"},"activationEvent":"onAuthenticationRequest:microsoft"}
[2020-09-17 23:27:37.027] [exthost] [info] ExtensionService#loadCommonJSModule file:///snap/code/43/usr/share/code/resources/app/extensions/microsoft-authentication/dist/extension.js
[2020-09-17 23:27:37.036] [exthost] [info] ExtensionService#_doActivateExtension vscode.debug-auto-launch {"startup":true,"extensionId":{"value":"vscode.debug-auto-launch","_lower":"vscode.debug-auto-launch"},"activationEvent":"*"}
[2020-09-17 23:27:37.036] [exthost] [info] ExtensionService#loadCommonJSModule file:///snap/code/43/usr/share/code/resources/app/extensions/debug-auto-launch/dist/extension
[2020-09-17 23:27:37.038] [exthost] [info] ExtensionService#_doActivateExtension vscode.emmet {"startup":true,"extensionId":{"value":"vscode.emmet","_lower":"vscode.emmet"},"activationEvent":"*"}
[2020-09-17 23:27:37.038] [exthost] [info] ExtensionService#loadCommonJSModule file:///snap/code/43/usr/share/code/resources/app/extensions/emmet/dist/node/emmetNodeMain
[2020-09-17 23:27:37.047] [exthost] [info] ExtensionService#_doActivateExtension vscode.git {"startup":true,"extensionId":{"value":"vscode.github","_lower":"vscode.github"},"activationEvent":"*"}
[2020-09-17 23:27:37.047] [exthost] [info] ExtensionService#loadCommonJSModule file:///snap/code/43/usr/share/code/resources/app/extensions/git/dist/main
[2020-09-17 23:27:37.058] [exthost] [info] ExtensionService#_doActivateExtension vscode.merge-conflict {"startup":true,"extensionId":{"value":"vscode.merge-conflict","_lower":"vscode.merge-conflict"},"activationEvent":"*"}
[2020-09-17 23:27:37.058] [exthost] [info] ExtensionService#loadCommonJSModule file:///snap/code/43/usr/share/code/resources/app/extensions/merge-conflict/dist/mergeConflictMain
[2020-09-17 23:27:37.059] [exthost] [info] ExtensionService#_doActivateExtension vscode.search-result {"startup":true,"extensionId":{"value":"vscode.search-result","_lower":"vscode.search-result"},"activationEvent":"*"}
[2020-09-17 23:27:37.059] [exthost] [info] ExtensionService#loadCommonJSModule file:///snap/code/43/usr/share/code/resources/app/extensions/search-result/dist/extension.js
[2020-09-17 23:27:37.060] [exthost] [info] ExtensionService#_doActivateExtension CoenraadS.bracket-pair-colorizer {"startup":true,"extensionId":{"value":"CoenraadS.bracket-pair-colorizer","_lower":"coenraads.bracket-pair-colorizer"},"activationEvent":"*"}
[2020-09-17 23:27:37.060] [exthost] [info] ExtensionService#loadCommonJSModule file:///root/.vscode/extensions/coenraads.bracket-pair-colorizer-1.0.61/out/src/extension
[2020-09-17 23:27:37.068] [exthost] [info] ExtensionService#_doActivateExtension formulahendry.auto-close-tag {"startup":true,"extensionId":{"value":"formulahendry.auto-close-tag","_lower":"formulahendry.auto-close-tag"},"activationEvent":"*"}
[2020-09-17 23:27:37.068] [exthost] [info] ExtensionService#loadCommonJSModule file:///root/.vscode/extensions/formulahendry.auto-close-tag-0.5.8/out/src/extension
[2020-09-17 23:27:37.069] [exthost] [info] ExtensionService#_doActivateExtension formulahendry.auto-rename-tag {"startup":true,"extensionId":{"value":"formulahendry.auto-rename-tag","_lower":"formulahendry.auto-rename-tag"},"activationEvent":"*"}
[2020-09-17 23:27:37.069] [exthost] [info] ExtensionService#loadCommonJSModule file:///root/.vscode/extensions/formulahendry.auto-rename-tag-0.1.4/packages/extension/dist/extensionMain.js
[2020-09-17 23:27:37.276] [exthost] [info] ExtensionService#_doActivateExtension vscode.github {"startup":true,"extensionId":{"value":"vscode.github","_lower":"vscode.github"},"activationEvent":"*"}
[2020-09-17 23:27:37.276] [exthost] [info] ExtensionService#loadCommonJSModule file:///snap/code/43/usr/share/code/resources/app/extensions/github/dist/extension.js
[2020-09-17 23:27:37.280] [exthost] [info] ExtensionService#_doActivateExtension esbenp.prettier-vscode {"startup":false,"extensionId":{"value":"esbenp.prettier-vscode","_lower":"esbenp.prettier-vscode"},"activationEvent":"onStartupFinished"}
[2020-09-17 23:27:37.280] [exthost] [info] ExtensionService#loadCommonJSModule file:///root/.vscode/extensions/esbenp.prettier-vscode-5.6.0/dist/extension
[2020-09-17 23:27:37.327] [exthost] [info] eager extensions activated
