[2020-08-31 13:34:04.404] [exthost] [info] extension host started
[2020-08-31 13:34:04.546] [exthost] [info] ExtensionService#_doActivateExtension vscode.microsoft-authentication {"startup":false,"extensionId":{"value":"vscode.microsoft-authentication","_lower":"vscode.microsoft-authentication"},"activationEvent":"onAuthenticationRequest:microsoft"}
[2020-08-31 13:34:04.547] [exthost] [info] ExtensionService#loadCommonJSModule file:///snap/code/42/usr/share/code/resources/app/extensions/microsoft-authentication/dist/extension.js
[2020-08-31 13:34:04.557] [exthost] [info] ExtensionService#_doActivateExtension vscode.php-language-features {"startup":false,"extensionId":{"value":"vscode.php-language-features","_lower":"vscode.php-language-features"},"activationEvent":"onLanguage:php"}
[2020-08-31 13:34:04.557] [exthost] [info] ExtensionService#loadCommonJSModule file:///snap/code/42/usr/share/code/resources/app/extensions/php-language-features/dist/phpMain
[2020-08-31 13:34:04.570] [exthost] [info] ExtensionService#_doActivateExtension MehediDracula.php-namespace-resolver {"startup":false,"extensionId":{"value":"MehediDracula.php-namespace-resolver","_lower":"mehedidracula.php-namespace-resolver"},"activationEvent":"onLanguage:php"}
[2020-08-31 13:34:04.570] [exthost] [info] ExtensionService#loadCommonJSModule file:///home/ldab_dev/.vscode/extensions/mehedidracula.php-namespace-resolver-1.1.8/src/extension
[2020-08-31 13:34:04.577] [exthost] [info] ExtensionService#_doActivateExtension SimonSiefke.prettier-vscode {"startup":false,"extensionId":{"value":"SimonSiefke.prettier-vscode","_lower":"simonsiefke.prettier-vscode"},"activationEvent":"onLanguage:php"}
[2020-08-31 13:34:04.577] [exthost] [info] ExtensionService#loadCommonJSModule file:///home/ldab_dev/.vscode/extensions/simonsiefke.prettier-vscode-2.0.7/packages/extension/dist/extensionMain.js
[2020-08-31 13:34:04.602] [exthost] [info] ExtensionService#_doActivateExtension vscode.debug-auto-launch {"startup":true,"extensionId":{"value":"vscode.debug-auto-launch","_lower":"vscode.debug-auto-launch"},"activationEvent":"*"}
[2020-08-31 13:34:04.602] [exthost] [info] ExtensionService#loadCommonJSModule file:///snap/code/42/usr/share/code/resources/app/extensions/debug-auto-launch/dist/extension
[2020-08-31 13:34:04.603] [exthost] [info] ExtensionService#_doActivateExtension vscode.emmet {"startup":true,"extensionId":{"value":"vscode.emmet","_lower":"vscode.emmet"},"activationEvent":"*"}
[2020-08-31 13:34:04.603] [exthost] [info] ExtensionService#loadCommonJSModule file:///snap/code/42/usr/share/code/resources/app/extensions/emmet/dist/node/emmetNodeMain
[2020-08-31 13:34:04.610] [exthost] [info] ExtensionService#_doActivateExtension vscode.git {"startup":true,"extensionId":{"value":"vscode.github","_lower":"vscode.github"},"activationEvent":"*"}
[2020-08-31 13:34:04.610] [exthost] [info] ExtensionService#loadCommonJSModule file:///snap/code/42/usr/share/code/resources/app/extensions/git/dist/main
[2020-08-31 13:34:04.623] [exthost] [info] ExtensionService#_doActivateExtension vscode.merge-conflict {"startup":true,"extensionId":{"value":"vscode.merge-conflict","_lower":"vscode.merge-conflict"},"activationEvent":"*"}
[2020-08-31 13:34:04.623] [exthost] [info] ExtensionService#loadCommonJSModule file:///snap/code/42/usr/share/code/resources/app/extensions/merge-conflict/dist/mergeConflictMain
[2020-08-31 13:34:04.625] [exthost] [info] ExtensionService#_doActivateExtension vscode.search-result {"startup":true,"extensionId":{"value":"vscode.search-result","_lower":"vscode.search-result"},"activationEvent":"*"}
[2020-08-31 13:34:04.625] [exthost] [info] ExtensionService#loadCommonJSModule file:///snap/code/42/usr/share/code/resources/app/extensions/search-result/dist/extension.js
[2020-08-31 13:34:04.625] [exthost] [info] ExtensionService#_doActivateExtension alefragnani.project-manager {"startup":true,"extensionId":{"value":"alefragnani.project-manager","_lower":"alefragnani.project-manager"},"activationEvent":"*"}
[2020-08-31 13:34:04.625] [exthost] [info] ExtensionService#loadCommonJSModule file:///home/ldab_dev/.vscode/extensions/alefragnani.project-manager-11.2.0/dist/extension
[2020-08-31 13:34:04.632] [exthost] [info] ExtensionService#_doActivateExtension Atishay-Jain.All-Autocomplete {"startup":true,"extensionId":{"value":"Atishay-Jain.All-Autocomplete","_lower":"atishay-jain.all-autocomplete"},"activationEvent":"*"}
[2020-08-31 13:34:04.632] [exthost] [info] ExtensionService#loadCommonJSModule file:///home/ldab_dev/.vscode/extensions/atishay-jain.all-autocomplete-0.0.23/dist/extension
[2020-08-31 13:34:04.635] [exthost] [info] ExtensionService#_doActivateExtension donjayamanne.githistory {"startup":true,"extensionId":{"value":"donjayamanne.githistory","_lower":"donjayamanne.githistory"},"activationEvent":"*"}
[2020-08-31 13:34:04.635] [exthost] [info] ExtensionService#loadCommonJSModule file:///home/ldab_dev/.vscode/extensions/donjayamanne.githistory-0.6.9/dist/src/extension
[2020-08-31 13:34:04.674] [exthost] [info] ExtensionService#_doActivateExtension eamodio.gitlens {"startup":true,"extensionId":{"value":"eamodio.gitlens","_lower":"eamodio.gitlens"},"activationEvent":"*"}
[2020-08-31 13:34:04.674] [exthost] [info] ExtensionService#loadCommonJSModule file:///home/ldab_dev/.vscode/extensions/eamodio.gitlens-10.2.2/dist/extension
[2020-08-31 13:34:04.712] [exthost] [info] ExtensionService#_doActivateExtension huizhou.githd {"startup":true,"extensionId":{"value":"huizhou.githd","_lower":"huizhou.githd"},"activationEvent":"*"}
[2020-08-31 13:34:04.712] [exthost] [info] ExtensionService#loadCommonJSModule file:///home/ldab_dev/.vscode/extensions/huizhou.githd-2.2.4/out/src/extension
[2020-08-31 13:34:04.720] [exthost] [info] ExtensionService#_doActivateExtension mhutchie.git-graph {"startup":true,"extensionId":{"value":"mhutchie.git-graph","_lower":"mhutchie.git-graph"},"activationEvent":"*"}
[2020-08-31 13:34:04.720] [exthost] [info] ExtensionService#loadCommonJSModule file:///home/ldab_dev/.vscode/extensions/mhutchie.git-graph-1.25.0/out/extension.js
[2020-08-31 13:34:05.020] [exthost] [info] ExtensionService#_doActivateExtension vscode.github {"startup":true,"extensionId":{"value":"vscode.github","_lower":"vscode.github"},"activationEvent":"*"}
[2020-08-31 13:34:05.020] [exthost] [info] ExtensionService#loadCommonJSModule file:///snap/code/42/usr/share/code/resources/app/extensions/github/dist/extension.js
[2020-08-31 13:34:05.111] [exthost] [info] eager extensions activated
[2020-08-31 13:58:27.350] [exthost] [info] ExtensionService#_doActivateExtension ziyasal.vscode-open-in-github {"startup":false,"extensionId":{"value":"ziyasal.vscode-open-in-github","_lower":"ziyasal.vscode-open-in-github"},"activationEvent":"onCommand:extension.copyGitHubLinkToClipboard"}
[2020-08-31 13:58:27.351] [exthost] [info] ExtensionService#loadCommonJSModule file:///home/ldab_dev/.vscode/extensions/ziyasal.vscode-open-in-github-1.3.6/src/extension
