Looking for git in: git
Using git 2.25.1 from git
> git rev-parse --git-dir
Open repository: /home/ldab/Bureau/fil_rouge_ldab
> git status -z -u
> git check-ignore -v -z --stdin
> git symbolic-ref --short HEAD
> git rev-parse ldab
> git rev-parse --symbolic-full-name ldab@{u}
> git rev-list --left-right ldab...refs/remotes/origin/ldab
> git for-each-ref --sort -committerdate --format %(refname) %(objectname)
> git remote --verbose
Warning: Failed to watch ref '/home/ldab/Bureau/fil_rouge_ldab/.git/refs/remotes/origin/ldab', is most likely packed.
> git config --get commit.template
> git status -z -u
> git symbolic-ref --short HEAD
> git rev-parse ldab
> git rev-parse --symbolic-full-name ldab@{u}
> git rev-list --left-right ldab...refs/remotes/origin/ldab
> git for-each-ref --sort -committerdate --format %(refname) %(objectname)
> git remote --verbose
Warning: Failed to watch ref '/home/ldab/Bureau/fil_rouge_ldab/.git/refs/remotes/origin/ldab', is most likely packed.
> git config --get commit.template
